<?xml version="1.0" encoding="UTF-8"?>
<testng-results ignored="0" total="7" passed="7" failed="0" skipped="0">
  <reporter-output>
  </reporter-output>
  <suite started-at="2021-09-06T23:48:45Z" name="TN Test automtion regression suite" finished-at="2021-09-06T23:48:56Z" duration-ms="11806">
    <groups>
    </groups>
    <test started-at="2021-09-06T23:48:45Z" name="LoginPage Test " finished-at="2021-09-06T23:48:50Z" duration-ms="5468">
      <class name="com.qa.saucedemo.test.LoginPageTest">
        <test-method is-config="true" signature="setUp()[pri:0, instance:com.qa.saucedemo.test.LoginPageTest@79517588]" started-at="2021-09-06T23:48:45Z" name="setUp" finished-at="2021-09-06T23:48:48Z" duration-ms="3628" status="PASS">
          <reporter-output>
          </reporter-output>
        </test-method> <!-- setUp -->
        <test-method signature="verifyCorrectlLogin()[pri:0, instance:com.qa.saucedemo.test.LoginPageTest@79517588]" started-at="2021-09-06T23:48:48Z" name="verifyCorrectlLogin" finished-at="2021-09-06T23:48:49Z" duration-ms="875" status="PASS">
          <reporter-output>
          </reporter-output>
        </test-method> <!-- verifyCorrectlLogin -->
        <test-method signature="verifyTitleFromLogin()[pri:0, instance:com.qa.saucedemo.test.LoginPageTest@79517588]" started-at="2021-09-06T23:48:49Z" name="verifyTitleFromLogin" finished-at="2021-09-06T23:48:49Z" duration-ms="84" status="PASS">
          <reporter-output>
          </reporter-output>
        </test-method> <!-- verifyTitleFromLogin -->
        <test-method is-config="true" signature="tearDown()[pri:0, instance:com.qa.saucedemo.test.LoginPageTest@79517588]" started-at="2021-09-06T23:48:49Z" name="tearDown" finished-at="2021-09-06T23:48:50Z" duration-ms="677" status="PASS">
          <reporter-output>
          </reporter-output>
        </test-method> <!-- tearDown -->
      </class> <!-- com.qa.saucedemo.test.LoginPageTest -->
    </test> <!-- LoginPage Test  -->
    <test started-at="2021-09-06T23:48:45Z" name="ProductsPage Test " finished-at="2021-09-06T23:48:51Z" duration-ms="6657">
      <class name="com.qa.saucedemo.test.ProductPageTest">
        <test-method is-config="true" signature="setUp()[pri:0, instance:com.qa.saucedemo.test.ProductPageTest@33fe57a9]" started-at="2021-09-06T23:48:45Z" name="setUp" finished-at="2021-09-06T23:48:49Z" duration-ms="4474" status="PASS">
          <reporter-output>
          </reporter-output>
        </test-method> <!-- setUp -->
        <test-method signature="clickOnMultipleProducts()[pri:0, instance:com.qa.saucedemo.test.ProductPageTest@33fe57a9]" started-at="2021-09-06T23:48:49Z" name="clickOnMultipleProducts" finished-at="2021-09-06T23:48:50Z" duration-ms="943" status="PASS">
          <reporter-output>
          </reporter-output>
        </test-method> <!-- clickOnMultipleProducts -->
        <test-method signature="verifyAscendingOrderOfPrices()[pri:0, instance:com.qa.saucedemo.test.ProductPageTest@33fe57a9]" started-at="2021-09-06T23:48:50Z" name="verifyAscendingOrderOfPrices" finished-at="2021-09-06T23:48:50Z" duration-ms="225" status="PASS">
          <reporter-output>
          </reporter-output>
        </test-method> <!-- verifyAscendingOrderOfPrices -->
        <test-method signature="verifyDescendingOrderOfPrices()[pri:0, instance:com.qa.saucedemo.test.ProductPageTest@33fe57a9]" started-at="2021-09-06T23:48:50Z" name="verifyDescendingOrderOfPrices" finished-at="2021-09-06T23:48:51Z" duration-ms="187" status="PASS">
          <reporter-output>
          </reporter-output>
        </test-method> <!-- verifyDescendingOrderOfPrices -->
        <test-method signature="verifyTheCountOfImages()[pri:0, instance:com.qa.saucedemo.test.ProductPageTest@33fe57a9]" started-at="2021-09-06T23:48:51Z" name="verifyTheCountOfImages" finished-at="2021-09-06T23:48:51Z" duration-ms="24" status="PASS">
          <reporter-output>
          </reporter-output>
        </test-method> <!-- verifyTheCountOfImages -->
        <test-method is-config="true" signature="tearDown()[pri:0, instance:com.qa.saucedemo.test.ProductPageTest@33fe57a9]" started-at="2021-09-06T23:48:51Z" name="tearDown" finished-at="2021-09-06T23:48:51Z" duration-ms="642" status="PASS">
          <reporter-output>
          </reporter-output>
        </test-method> <!-- tearDown -->
      </class> <!-- com.qa.saucedemo.test.ProductPageTest -->
    </test> <!-- ProductsPage Test  -->
    <test started-at="2021-09-06T23:48:50Z" name="The ASSIGNMENT MAIN Test " finished-at="2021-09-06T23:48:56Z" duration-ms="6009">
      <class name="com.qa.saucedemo.test.MainTest">
        <test-method is-config="true" signature="setUp()[pri:0, instance:com.qa.saucedemo.test.MainTest@5adb0db3]" started-at="2021-09-06T23:48:50Z" name="setUp" finished-at="2021-09-06T23:48:52Z" duration-ms="1616" status="PASS">
          <reporter-output>
          </reporter-output>
        </test-method> <!-- setUp -->
        <test-method signature="MainTest()[pri:0, instance:com.qa.saucedemo.test.MainTest@5adb0db3]" started-at="2021-09-06T23:48:52Z" name="MainTest" finished-at="2021-09-06T23:48:56Z" duration-ms="3721" status="PASS">
          <reporter-output>
          </reporter-output>
        </test-method> <!-- MainTest -->
        <test-method is-config="true" signature="tearDown()[pri:0, instance:com.qa.saucedemo.test.MainTest@5adb0db3]" started-at="2021-09-06T23:48:56Z" name="tearDown" finished-at="2021-09-06T23:48:56Z" duration-ms="659" status="PASS">
          <reporter-output>
          </reporter-output>
        </test-method> <!-- tearDown -->
      </class> <!-- com.qa.saucedemo.test.MainTest -->
    </test> <!-- The ASSIGNMENT MAIN Test  -->
  </suite> <!-- TN Test automtion regression suite -->
</testng-results>
