<?xml version="1.0" encoding="UTF-8"?>
<!-- Generated by org.testng.reporters.JUnitXMLReporter -->
<testsuite ignored="0" hostname="LAPTOP-41VI2DO3" failures="0" tests="2" name="LoginPage Test_FF_80" time="4.332" errors="0" timestamp="06 Sep 2021 21:52:24 GMT">
  <testcase classname="com.qa.saucedemo.test.LoginPageTest" name="verifyCorrectLogin" time="0.836"/>
  <testcase classname="com.qa.saucedemo.test.LoginPageTest" name="verifyTitleFromLogin" time="0.058"/>
</testsuite> <!-- LoginPage Test_FF_80 -->
