<?xml version="1.0" encoding="UTF-8"?>
<!-- Generated by org.testng.reporters.JUnitXMLReporter -->
<testsuite ignored="0" hostname="LAPTOP-41VI2DO3" failures="0" tests="2" name="LoginPage Test " time="5.468" errors="0" timestamp="06 Sep 2021 23:48:50 GMT">
  <testcase classname="com.qa.saucedemo.test.LoginPageTest" name="verifyCorrectlLogin" time="0.875"/>
  <testcase classname="com.qa.saucedemo.test.LoginPageTest" name="verifyTitleFromLogin" time="0.084"/>
</testsuite> <!-- LoginPage Test  -->
