<?xml version="1.0" encoding="UTF-8"?>
<!-- Generated by org.testng.reporters.JUnitXMLReporter -->
<testsuite ignored="0" hostname="LAPTOP-41VI2DO3" failures="0" tests="4" name="ProductsPage Test " time="6.657" errors="0" timestamp="06 Sep 2021 23:48:51 GMT">
  <testcase classname="com.qa.saucedemo.test.ProductPageTest" name="clickOnMultipleProducts" time="0.943"/>
  <testcase classname="com.qa.saucedemo.test.ProductPageTest" name="verifyAscendingOrderOfPrices" time="0.225"/>
  <testcase classname="com.qa.saucedemo.test.ProductPageTest" name="verifyDescendingOrderOfPrices" time="0.187"/>
  <testcase classname="com.qa.saucedemo.test.ProductPageTest" name="verifyTheCountOfImages" time="0.024"/>
</testsuite> <!-- ProductsPage Test  -->
